{
  "RSpec": {
    "coverage": {
      "/home/raymond-ubuntu/Projects/Thryft/app/helpers/application_helper.rb": {
        "lines": [
          1,
          null,
          null,
          1,
          null,
          null,
          null,
          null,
          1,
          0,
          null,
          null
        ]
      },
      "/home/raymond-ubuntu/Projects/Thryft/app/models/conversation.rb": {
        "lines": [
          1,
          1,
          1,
          1,
          1,
          null,
          1,
          1,
          1,
          1,
          null,
          1,
          null,
          1,
          11,
          0,
          null,
          null,
          null
        ]
      },
      "/home/raymond-ubuntu/Projects/Thryft/app/models/application_record.rb": {
        "lines": [
          1,
          1,
          null
        ]
      },
      "/home/raymond-ubuntu/Projects/Thryft/app/models/interest.rb": {
        "lines": [
          1,
          1,
          null,
          1,
          1,
          null,
          1,
          1,
          1,
          null,
          1,
          1,
          null,
          1,
          1,
          null
        ]
      },
      "/home/raymond-ubuntu/Projects/Thryft/app/models/listing.rb": {
        "lines": [
          1,
          1,
          1,
          1,
          1,
          1,
          null,
          null,
          22,
          null,
          null,
          47,
          null,
          null,
          47,
          null,
          null,
          47,
          null,
          null,
          1,
          52,
          52,
          52,
          52,
          null,
          null,
          null,
          1,
          15,
          null,
          13,
          null,
          null,
          null,
          null,
          1,
          0,
          0,
          0,
          0,
          null,
          null,
          null,
          null,
          1,
          50,
          null
        ]
      },
      "/home/raymond-ubuntu/Projects/Thryft/app/models/message.rb": {
        "lines": [
          1,
          1,
          1,
          null,
          1,
          1,
          1,
          null,
          1,
          null,
          1,
          0,
          null,
          null,
          null,
          null,
          null,
          1,
          0,
          null,
          null,
          1,
          null,
          1,
          10,
          null,
          null
        ]
      },
      "/home/raymond-ubuntu/Projects/Thryft/app/models/purchase.rb": {
        "lines": [
          1,
          1,
          1
        ]
      },
      "/home/raymond-ubuntu/Projects/Thryft/app/models/report.rb": {
        "lines": [
          1,
          1,
          1,
          null,
          1
        ]
      },
      "/home/raymond-ubuntu/Projects/Thryft/app/models/user.rb": {
        "lines": [
          1,
          1,
          null,
          1,
          1,
          1,
          1,
          null,
          1,
          725,
          null,
          null,
          1,
          192,
          null,
          null,
          1,
          97,
          null,
          null,
          1,
          14,
          null,
          13,
          null,
          8,
          null,
          null,
          1,
          0,
          0,
          0,
          null,
          null,
          1,
          40,
          null,
          null
        ]
      },
      "/home/raymond-ubuntu/Projects/Thryft/app/controllers/sessions_controller.rb": {
        "lines": [
          1,
          1,
          null,
          null,
          1,
          65,
          65,
          65,
          65,
          null,
          0,
          0,
          null,
          null,
          null,
          1,
          3,
          3,
          null,
          null
        ]
      },
      "/home/raymond-ubuntu/Projects/Thryft/app/controllers/application_controller.rb": {
        "lines": [
          1,
          1,
          1,
          null,
          1,
          null,
          1,
          null,
          1,
          217,
          null,
          null,
          1,
          67,
          3,
          null,
          null,
          null
        ]
      },
      "/home/raymond-ubuntu/Projects/Thryft/app/controllers/feed_controller.rb": {
        "lines": [
          1,
          1,
          null,
          1,
          46,
          46,
          46,
          46,
          46,
          46,
          null,
          46,
          46,
          null,
          46,
          null,
          null
        ]
      },
      "/home/raymond-ubuntu/Projects/Thryft/app/controllers/listings_controller.rb": {
        "lines": [
          1,
          1,
          1,
          1,
          null,
          1,
          5,
          null,
          null,
          5,
          1,
          null,
          null,
          null,
          5,
          3,
          null,
          null,
          5,
          3,
          null,
          null,
          null,
          5,
          0,
          0,
          null,
          null,
          null,
          null,
          null,
          null,
          5,
          null,
          0,
          null,
          0,
          null,
          5,
          null,
          null,
          null,
          5,
          null,
          null,
          1,
          0,
          null,
          0,
          null,
          null,
          null,
          0,
          null,
          0,
          null,
          null,
          1,
          0,
          null,
          null,
          1,
          null,
          null,
          1,
          0,
          null,
          null,
          1,
          1,
          1,
          1,
          null,
          0,
          null,
          null,
          null,
          1,
          null,
          null,
          1,
          1,
          1,
          null,
          0,
          null,
          null,
          null,
          1,
          1,
          1,
          null,
          0,
          null,
          null,
          null,
          1,
          null,
          1,
          0,
          0,
          0,
          null,
          null,
          null,
          0,
          0,
          null,
          null,
          1,
          6,
          null,
          null,
          1,
          2,
          null,
          null,
          1,
          2,
          0,
          null,
          null,
          null
        ]
      },
      "/home/raymond-ubuntu/Projects/Thryft/app/controllers/reports_controller.rb": {
        "lines": [
          1,
          1,
          1,
          null,
          1,
          3,
          null,
          null,
          1,
          3,
          3,
          null,
          3,
          2,
          null,
          1,
          null,
          null,
          null,
          1,
          null,
          1,
          7,
          null,
          null,
          1,
          3,
          null
        ]
      },
      "/home/raymond-ubuntu/Projects/Thryft/app/controllers/conversations_controller.rb": {
        "lines": [
          1,
          1,
          null,
          1,
          null,
          0,
          null,
          null,
          null,
          null,
          null,
          1,
          1,
          1,
          null,
          null,
          1,
          1,
          null,
          null,
          1,
          0,
          0,
          null,
          null,
          null,
          1,
          null,
          null,
          null,
          null,
          null,
          1,
          0,
          0,
          null,
          null,
          null,
          1,
          1,
          null,
          1,
          0,
          0,
          0,
          0,
          null,
          null,
          1,
          null,
          null,
          null,
          null,
          null,
          1,
          null,
          1,
          1,
          null,
          null,
          null,
          1,
          null,
          0,
          null,
          1,
          null,
          0,
          null,
          null,
          null,
          1,
          1,
          null,
          null,
          1,
          null,
          null,
          null,
          null
        ]
      },
      "/home/raymond-ubuntu/Projects/Thryft/app/controllers/messages_controller.rb": {
        "lines": [
          1,
          1,
          1,
          null,
          1,
          2,
          2,
          null,
          2,
          1,
          null,
          1,
          null,
          null,
          null,
          1,
          null,
          1,
          2,
          null,
          null,
          1,
          2,
          null
        ]
      },
      "/home/raymond-ubuntu/Projects/Thryft/app/controllers/moderations_controller.rb": {
        "lines": [
          1,
          1,
          1,
          1,
          1,
          null,
          1,
          11,
          null,
          null,
          1,
          6,
          null,
          null,
          1,
          5,
          null,
          3,
          null,
          null,
          1,
          12,
          2,
          2,
          2,
          null,
          null,
          10,
          3,
          3,
          3,
          null,
          null,
          7,
          3,
          3,
          3,
          null,
          null,
          4,
          4,
          4,
          4,
          4,
          null,
          null,
          1,
          10,
          2,
          2,
          2,
          null,
          null,
          8,
          2,
          2,
          2,
          null,
          null,
          6,
          3,
          3,
          3,
          null,
          null,
          3,
          3,
          3,
          null,
          null,
          1,
          null,
          1,
          5,
          null,
          null,
          1,
          25,
          null,
          null,
          1,
          58,
          11,
          null,
          null,
          null,
          1,
          13,
          3,
          3,
          null,
          null,
          null,
          1,
          null,
          6,
          6,
          null,
          null,
          1,
          2,
          2,
          null,
          null,
          1,
          3,
          3,
          null,
          3,
          3,
          null,
          0,
          null,
          3,
          null,
          null,
          null
        ]
      },
      "/home/raymond-ubuntu/Projects/Thryft/app/controllers/purchases_controller.rb": {
        "lines": [
          1,
          1,
          4,
          null,
          null,
          null
        ]
      },
      "/home/raymond-ubuntu/Projects/Thryft/app/controllers/swipes_controller.rb": {
        "lines": [
          1,
          1,
          null,
          1,
          4,
          4,
          null,
          4,
          4,
          1,
          null,
          null,
          3,
          3,
          null,
          3,
          3,
          null,
          0,
          null,
          null,
          null
        ]
      },
      "/home/raymond-ubuntu/Projects/Thryft/app/controllers/users_controller.rb": {
        "lines": [
          1,
          1,
          1,
          null,
          null,
          1,
          1,
          1,
          0,
          null,
          1,
          1,
          null,
          null,
          null,
          1,
          null,
          1,
          1,
          null,
          null
        ]
      },
      "/home/raymond-ubuntu/Projects/Thryft/app/jobs/application_job.rb": {
        "lines": [
          0,
          null,
          null,
          null,
          null,
          null,
          0
        ],
        "branches": {}
      },
      "/home/raymond-ubuntu/Projects/Thryft/app/mailers/application_mailer.rb": {
        "lines": [
          0,
          0,
          0,
          0
        ],
        "branches": {}
      }
    },
    "timestamp": 1765481920
  }
}
