{
  "RSpec": {
    "coverage": {
      "/Users/wangpengcheng/Desktop/4513/cs-uy-4513-f25-team9/app/helpers/application_helper.rb": {
        "lines": [
          1,
          null,
          null,
          1,
          null,
          null,
          null,
          null,
          1,
          51,
          null,
          null
        ]
      },
      "/Users/wangpengcheng/Desktop/4513/cs-uy-4513-f25-team9/app/models/conversation.rb": {
        "lines": [
          1,
          1,
          1,
          1,
          1,
          null,
          1,
          1,
          1,
          null
        ]
      },
      "/Users/wangpengcheng/Desktop/4513/cs-uy-4513-f25-team9/app/models/application_record.rb": {
        "lines": [
          1,
          1,
          null
        ]
      },
      "/Users/wangpengcheng/Desktop/4513/cs-uy-4513-f25-team9/app/models/interest.rb": {
        "lines": [
          1,
          1,
          null,
          1,
          1,
          null,
          1,
          1,
          1,
          null,
          1,
          1,
          null,
          1,
          1,
          null
        ]
      },
      "/Users/wangpengcheng/Desktop/4513/cs-uy-4513-f25-team9/app/models/listing.rb": {
        "lines": [
          1,
          1,
          1,
          1,
          1,
          null,
          null,
          23,
          null,
          null,
          7,
          null,
          null,
          7,
          null,
          null,
          7,
          null,
          null,
          1,
          63,
          63,
          63,
          63,
          null,
          null,
          null,
          1,
          15,
          null,
          13,
          null,
          null,
          null,
          null,
          1,
          51,
          5,
          3,
          43,
          null,
          null,
          null,
          null,
          1,
          61,
          null
        ]
      },
      "/Users/wangpengcheng/Desktop/4513/cs-uy-4513-f25-team9/app/models/message.rb": {
        "lines": [
          1,
          1,
          1,
          null,
          1,
          1,
          1,
          null,
          1,
          null,
          1,
          null,
          1,
          10,
          null,
          null
        ]
      },
      "/Users/wangpengcheng/Desktop/4513/cs-uy-4513-f25-team9/app/models/purchase.rb": {
        "lines": [
          1,
          1,
          1
        ]
      },
      "/Users/wangpengcheng/Desktop/4513/cs-uy-4513-f25-team9/app/models/report.rb": {
        "lines": [
          1,
          1,
          1,
          null,
          1
        ]
      },
      "/Users/wangpengcheng/Desktop/4513/cs-uy-4513-f25-team9/app/models/user.rb": {
        "lines": [
          1,
          1,
          null,
          1,
          1,
          1,
          1,
          null,
          1,
          507,
          null,
          null,
          1,
          57,
          null,
          null,
          1,
          7,
          null,
          null,
          1,
          7,
          null,
          6,
          null,
          4,
          null,
          null
        ]
      },
      "/Users/wangpengcheng/Desktop/4513/cs-uy-4513-f25-team9/app/controllers/sessions_controller.rb": {
        "lines": [
          1,
          1,
          null,
          null,
          1,
          7,
          7,
          7,
          7,
          null,
          0,
          0,
          null,
          null,
          null,
          1,
          3,
          3,
          null,
          null
        ]
      },
      "/Users/wangpengcheng/Desktop/4513/cs-uy-4513-f25-team9/app/controllers/application_controller.rb": {
        "lines": [
          1,
          1,
          1,
          null,
          1,
          null,
          1,
          null,
          1,
          257,
          null,
          null,
          1,
          27,
          3,
          null,
          null,
          null
        ]
      },
      "/Users/wangpengcheng/Desktop/4513/cs-uy-4513-f25-team9/app/controllers/listings_controller.rb": {
        "lines": [
          1,
          1,
          1,
          1,
          null,
          1,
          51,
          null,
          51,
          51,
          null,
          null,
          1,
          null,
          null,
          1,
          0,
          null,
          null,
          1,
          1,
          1,
          1,
          null,
          0,
          null,
          null,
          null,
          1,
          null,
          null,
          1,
          1,
          1,
          null,
          0,
          null,
          null,
          null,
          1,
          1,
          1,
          null,
          0,
          null,
          null,
          null,
          1,
          null,
          1,
          51,
          51,
          51,
          null,
          null,
          null,
          51,
          51,
          null,
          null,
          1,
          6,
          null,
          null,
          1,
          2,
          null,
          null,
          1,
          2,
          0,
          null,
          null,
          null
        ]
      },
      "/Users/wangpengcheng/Desktop/4513/cs-uy-4513-f25-team9/app/controllers/reports_controller.rb": {
        "lines": [
          1,
          1,
          1,
          null,
          1,
          3,
          null,
          null,
          1,
          3,
          3,
          null,
          3,
          2,
          null,
          1,
          null,
          null,
          null,
          1,
          null,
          1,
          7,
          null,
          null,
          1,
          3,
          null
        ]
      },
      "/Users/wangpengcheng/Desktop/4513/cs-uy-4513-f25-team9/app/controllers/conversations_controller.rb": {
        "lines": [
          1,
          1,
          null,
          1,
          1,
          1,
          null,
          null,
          1,
          1,
          null,
          null,
          1,
          1,
          null,
          null,
          1,
          0,
          0,
          0,
          0,
          null,
          null,
          1,
          null,
          null,
          null,
          null,
          null,
          1,
          1,
          null,
          null,
          null,
          1,
          null,
          0,
          null,
          null,
          null,
          1,
          1,
          null
        ]
      },
      "/Users/wangpengcheng/Desktop/4513/cs-uy-4513-f25-team9/app/controllers/feed_controller.rb": {
        "lines": [
          1,
          1,
          null,
          1,
          6,
          6,
          6,
          6,
          6,
          6,
          null,
          6,
          6,
          null,
          6,
          null,
          null
        ]
      },
      "/Users/wangpengcheng/Desktop/4513/cs-uy-4513-f25-team9/app/controllers/messages_controller.rb": {
        "lines": [
          1,
          1,
          1,
          null,
          1,
          2,
          2,
          null,
          2,
          1,
          null,
          1,
          null,
          null,
          null,
          1,
          null,
          1,
          2,
          null,
          null,
          1,
          2,
          null
        ]
      },
      "/Users/wangpengcheng/Desktop/4513/cs-uy-4513-f25-team9/app/controllers/moderations_controller.rb": {
        "lines": [
          1,
          1,
          1,
          null,
          1,
          6,
          null,
          null,
          1,
          5,
          null,
          3,
          null,
          null,
          1,
          null,
          1,
          5,
          null,
          null,
          1,
          15,
          4,
          null,
          null,
          null,
          1,
          null,
          6,
          6,
          null,
          null,
          1,
          2,
          2,
          null,
          null,
          1,
          3,
          3,
          3,
          3,
          3,
          null,
          null,
          null
        ]
      },
      "/Users/wangpengcheng/Desktop/4513/cs-uy-4513-f25-team9/app/controllers/purchases_controller.rb": {
        "lines": [
          1,
          1,
          4,
          null,
          null,
          null
        ]
      },
      "/Users/wangpengcheng/Desktop/4513/cs-uy-4513-f25-team9/app/controllers/swipes_controller.rb": {
        "lines": [
          1,
          1,
          null,
          1,
          4,
          4,
          null,
          4,
          4,
          1,
          null,
          null,
          3,
          3,
          null,
          3,
          3,
          null,
          0,
          null,
          null,
          null
        ]
      },
      "/Users/wangpengcheng/Desktop/4513/cs-uy-4513-f25-team9/app/controllers/users_controller.rb": {
        "lines": [
          1,
          null,
          1,
          1,
          null,
          1,
          0,
          null,
          null,
          1,
          1,
          null,
          null,
          1,
          1,
          1,
          0,
          null,
          1,
          1,
          null,
          null,
          null,
          1,
          0,
          0,
          0,
          0,
          null,
          null,
          0,
          0,
          0,
          0,
          null,
          null,
          0,
          0,
          0,
          0,
          0,
          null,
          null,
          1,
          null,
          1,
          0,
          null,
          null,
          1,
          1,
          null,
          null,
          1,
          0,
          0,
          null,
          null,
          null
        ]
      },
      "/Users/wangpengcheng/Desktop/4513/cs-uy-4513-f25-team9/app/jobs/application_job.rb": {
        "lines": [
          0,
          null,
          null,
          null,
          null,
          null,
          0
        ],
        "branches": {}
      },
      "/Users/wangpengcheng/Desktop/4513/cs-uy-4513-f25-team9/app/mailers/application_mailer.rb": {
        "lines": [
          0,
          0,
          0,
          0
        ],
        "branches": {}
      }
    },
    "timestamp": 1764858112
  }
}
